<?xml version="1.0" encoding="UTF-8"?>
<testsuite xmlns:xsi="http://www.w3.org/2001/XMLSchema-instance" xsi:noNamespaceSchemaLocation="https://maven.apache.org/surefire/maven-surefire-plugin/xsd/surefire-test-report.xsd" version="3.0.2" name="com.cordillera.ms.usuarios.repository.AntecedenteRepositoryTest" time="1.866" tests="1" errors="0" skipped="0" failures="0">
  <properties>
[...]
</properties>
  <testcase name="guardarAntecedente_debePersistirCorrectamente" classname="com.cordillera.ms.usuarios.repository.AntecedenteRepositoryTest" time="0.055">
    <system-out><![CDATA[16:51:38.831 [main] INFO org.springframework.test.context.support.AnnotationConfigContextLoaderUtils -- Could not detect default configuration classes for test class [com.cordillera.ms.usuarios.repository.AntecedenteRepositoryTest]: AntecedenteRepositoryTest does not declare any static, non-private, non-final, nested classes annotated with @Configuration.
16:51:38.913 [main] INFO org.springframework.boot.test.context.SpringBootTestContextBootstrapper -- Found @SpringBootConfiguration com.cordillera.ms.usuarios.MsUsuariosApplication for test class com.cordillera.ms.usuarios.repository.AntecedenteRepositoryTest

  .   ____          _            __ _ _
 /\\ / ___'_ __ _ _(_)_ __  __ _ \ \ \ \
( ( )\___ | '_ | '_| | '_ \/ _` | \ \ \ \
 \\/  ___)| |_)| | | | | || (_| |  ) ) ) )
  '  |____| .__|_| |_|_| |_\__, | / / / /
 =========|_|==============|___/=/_/_/_/

 :: Spring Boot ::                (v3.5.3)

2026-06-22T16:51:39.144-04:00  INFO 30484 --- [ms-usuarios] [           main] c.c.m.u.r.AntecedenteRepositoryTest      : Starting AntecedenteRepositoryTest using Java 25.0.1 with PID 30484 (started by AO-Alumno in C:\Users\AO-Alumno\Desktop\GrupoCordillera-main\backend\ms-usuarios)
2026-06-22T16:51:39.144-04:00  INFO 30484 --- [ms-usuarios] [           main] c.c.m.u.r.AntecedenteRepositoryTest      : No active profile set, falling back to 1 default profile: "default"
2026-06-22T16:51:39.328-04:00  INFO 30484 --- [ms-usuarios] [           main] .s.d.r.c.RepositoryConfigurationDelegate : Bootstrapping Spring Data JPA repositories in DEFAULT mode.
2026-06-22T16:51:39.367-04:00  INFO 30484 --- [ms-usuarios] [           main] .s.d.r.c.RepositoryConfigurationDelegate : Finished Spring Data repository scanning in 26 ms. Found 3 JPA repository interfaces.
2026-06-22T16:51:39.402-04:00  INFO 30484 --- [ms-usuarios] [           main] beddedDataSourceBeanFactoryPostProcessor : Replacing 'dataSource' DataSource bean with embedded version
2026-06-22T16:51:39.463-04:00  INFO 30484 --- [ms-usuarios] [           main] o.s.j.d.e.EmbeddedDatabaseFactory        : Starting embedded database: url='jdbc:h2:mem:71f00810-84c2-4d73-8a1f-8624c9273ba8;DB_CLOSE_DELAY=-1;DB_CLOSE_ON_EXIT=false', username='sa'
2026-06-22T16:51:39.657-04:00  INFO 30484 --- [ms-usuarios] [           main] o.hibernate.jpa.internal.util.LogHelper  : HHH000204: Processing PersistenceUnitInfo [name: default]
2026-06-22T16:51:39.687-04:00  INFO 30484 --- [ms-usuarios] [           main] org.hibernate.Version                    : HHH000412: Hibernate ORM core version 6.6.18.Final
2026-06-22T16:51:39.705-04:00  INFO 30484 --- [ms-usuarios] [           main] o.h.c.internal.RegionFactoryInitiator    : HHH000026: Second-level cache disabled
2026-06-22T16:51:39.775-04:00  INFO 30484 --- [ms-usuarios] [           main] o.s.o.j.p.SpringPersistenceUnitInfo      : No LoadTimeWeaver setup: ignoring JPA class transformer
2026-06-22T16:51:39.823-04:00  INFO 30484 --- [ms-usuarios] [           main] org.hibernate.orm.connections.pooling    : HHH10001005: Database info:
	Database JDBC URL [Connecting through datasource 'org.springframework.jdbc.datasource.embedded.EmbeddedDatabaseFactory$EmbeddedDataSourceProxy@6abe62bb']
	Database driver: undefined/unknown
	Database version: 2.3.232
	Autocommit mode: undefined/unknown
	Isolation level: undefined/unknown
	Minimum pool size: undefined/unknown
	Maximum pool size: undefined/unknown
2026-06-22T16:51:40.253-04:00  INFO 30484 --- [ms-usuarios] [           main] o.h.e.t.j.p.i.JtaPlatformInitiator       : HHH000489: No JTA platform available (set 'hibernate.transaction.jta.platform' to enable JTA platform integration)
Hibernate: 
    create table antecedentes (
        id bigint generated by default as identity,
        anios_activo integer,
        compras_realizadas integer,
        reportes_realizados integer,
        usuario_id bigint,
        primary key (id)
    )
Hibernate: 
    create table calificaciones_driver (
        id bigint generated by default as identity,
        cliente_correo varchar(255),
        cliente_nombre varchar(255),
        comentario varchar(255),
        driver_id bigint,
        fecha timestamp(6),
        puntuacion integer,
        primary key (id)
    )
Hibernate: 
    create table usuarios (
        id bigint generated by default as identity,
        activo boolean,
        correo varchar(255) not null,
        nombre varchar(255),
        password varchar(255),
        rol varchar(255),
        primary key (id)
    )
Hibernate: 
    alter table if exists antecedentes 
       drop constraint if exists UKky65r7b8tf54q4nlajdfgld4m
Hibernate: 
    alter table if exists antecedentes 
       add constraint UKky65r7b8tf54q4nlajdfgld4m unique (usuario_id)
Hibernate: 
    alter table if exists usuarios 
       drop constraint if exists UKcdmw5hxlfj78uf4997i3qyyw5
Hibernate: 
    alter table if exists usuarios 
       add constraint UKcdmw5hxlfj78uf4997i3qyyw5 unique (correo)
Hibernate: 
    alter table if exists antecedentes 
       add constraint FK4qcmi488ri7tcnp7whp99939n 
       foreign key (usuario_id) 
       references usuarios
2026-06-22T16:51:40.301-04:00  INFO 30484 --- [ms-usuarios] [           main] j.LocalContainerEntityManagerFactoryBean : Initialized JPA EntityManagerFactory for persistence unit 'default'
2026-06-22T16:51:40.563-04:00  INFO 30484 --- [ms-usuarios] [           main] c.c.m.u.r.AntecedenteRepositoryTest      : Started AntecedenteRepositoryTest in 1.617 seconds (process running for 2.738)
Hibernate: 
    insert 
    into
        usuarios
        (activo, correo, nombre, password, rol, id) 
    values
        (?, ?, ?, ?, ?, default)
Hibernate: 
    insert 
    into
        antecedentes
        (anios_activo, compras_realizadas, reportes_realizados, usuario_id, id) 
    values
        (?, ?, ?, ?, default)
]]></system-out>
  </testcase>
</testsuite>